<?xml version="1.0" encoding="UTF-8"?>
<!DOCTYPE html PUBLIC "-//W3C//DTD XHTML 1.0 Strict//EN" "http://www.w3.org/TR/xhtml1/DTD/xhtml1-strict.dtd">
<html xmlns="http://www.w3.org/1999/xhtml">
<head>
    <title>测试报告</title>
    <meta name="generator" content="HTMLTestRunner 0.8.2"/>
    <meta http-equiv="Content-Type" content="text/html; charset=UTF-8"/>
    
<style type="text/css" media="screen">
body        { font-family: verdana, arial, helvetica, sans-serif; font-size: 80%; }
table       { font-size: 100%; }
pre         { }

/* -- heading ---------------------------------------------------------------------- */
h1 {
	font-size: 16pt;
	color: gray;
}
.heading {
    margin-top: 0ex;
    margin-bottom: 1ex;
}

.heading .attribute {
    margin-top: 1ex;
    margin-bottom: 0;
}

.heading .description {
    margin-top: 4ex;
    margin-bottom: 6ex;
}

/* -- css div popup ------------------------------------------------------------------------ */
a.popup_link {
}

a.popup_link:hover {
    color: red;
}

.popup_window {
    display: none;
    position: relative;
    left: 0px;
    top: 0px;
    /*border: solid #627173 1px; */
    padding: 10px;
    background-color: #E6E6D6;
    font-family: "Lucida Console", "Courier New", Courier, monospace;
    text-align: left;
    font-size: 8pt;
    width: 500px;
}

}
/* -- report ------------------------------------------------------------------------ */
#show_detail_line {
    margin-top: 3ex;
    margin-bottom: 1ex;
}
#result_table {
    width: 80%;
    border-collapse: collapse;
    border: 1px solid #777;
}
#header_row {
    font-weight: bold;
    color: white;
    background-color: #777;
}
#result_table td {
    border: 1px solid #777;
    padding: 2px;
}
#total_row  { font-weight: bold; }
.passClass  { background-color: #6c6; }
.failClass  { background-color: #c60; }
.errorClass { background-color: #c00; }
.passCase   { color: #6c6; }
.failCase   { color: #c60; font-weight: bold; }
.errorCase  { color: #c00; font-weight: bold; }
.hiddenRow  { display: none; }
.testcase   { margin-left: 2em; }


/* -- ending ---------------------------------------------------------------------- */
#ending {
}

</style>

</head>
<body>
<script language="javascript" type="text/javascript"><!--
output_list = Array();

/* level - 0:Summary; 1:Failed; 2:All */
function showCase(level) {
    trs = document.getElementsByTagName("tr");
    for (var i = 0; i < trs.length; i++) {
        tr = trs[i];
        id = tr.id;
        if (id.substr(0,2) == 'ft') {
            if (level < 1) {
                tr.className = 'hiddenRow';
            }
            else {
                tr.className = '';
            }
        }
        if (id.substr(0,2) == 'pt') {
            if (level > 1) {
                tr.className = '';
            }
            else {
                tr.className = 'hiddenRow';
            }
        }
    }
}


function showClassDetail(cid, count) {
    var id_list = Array(count);
    var toHide = 1;
    for (var i = 0; i < count; i++) {
        tid0 = 't' + cid.substr(1) + '.' + (i+1);
        tid = 'f' + tid0;
        tr = document.getElementById(tid);
        if (!tr) {
            tid = 'p' + tid0;
            tr = document.getElementById(tid);
        }
        id_list[i] = tid;
        if (tr.className) {
            toHide = 0;
        }
    }
    for (var i = 0; i < count; i++) {
        tid = id_list[i];
        if (toHide) {
            document.getElementById('div_'+tid).style.display = 'none'
            document.getElementById(tid).className = 'hiddenRow';
        }
        else {
            document.getElementById(tid).className = '';
        }
    }
}


function showTestDetail(div_id){
    var details_div = document.getElementById(div_id)
    var displayState = details_div.style.display
    // alert(displayState)
    if (displayState != 'block' ) {
        displayState = 'block'
        details_div.style.display = 'block'
    }
    else {
        details_div.style.display = 'none'
    }
}


function html_escape(s) {
    s = s.replace(/&/g,'&amp;');
    s = s.replace(/</g,'&lt;');
    s = s.replace(/>/g,'&gt;');
    return s;
}

/* obsoleted by detail in <div>
function showOutput(id, name) {
    var w = window.open("", //url
                    name,
                    "resizable,scrollbars,status,width=800,height=450");
    d = w.document;
    d.write("<pre>");
    d.write(html_escape(output_list[id]));
    d.write("\n");
    d.write("<a href='javascript:window.close()'>close</a>\n");
    d.write("</pre>\n");
    d.close();
}
*/
--></script>

<div class='heading'>
<h1>测试报告</h1>
<p class='attribute'><strong>Start Time:</strong> 2016-09-12 11:36:07</p>
<p class='attribute'><strong>Duration:</strong> 0:01:58.787000</p>
<p class='attribute'><strong>Status:</strong> Pass 1 Error 20</p>

<p class='description'>用例执行情况</p>
</div>



<p id='show_detail_line'>Show
<a href='javascript:showCase(0)'>Summary</a>
<a href='javascript:showCase(1)'>Failed</a>
<a href='javascript:showCase(2)'>All</a>
</p>
<table id='result_table'>
<colgroup>
<col align='left' />
<col align='right' />
<col align='right' />
<col align='right' />
<col align='right' />
<col align='right' />
</colgroup>
<tr id='header_row'>
    <td>Test Group/Test case</td>
    <td>Count</td>
    <td>Pass</td>
    <td>Fail</td>
    <td>Error</td>
    <td>View</td>
</tr>

<tr class='errorClass'>
    <td>case_hwg.case_wap.WapTestCase</td>
    <td>20</td>
    <td>1</td>
    <td>0</td>
    <td>19</td>
    <td><a href="javascript:showClassDetail('c1',20)">Detail</a></td>
</tr>

<tr id='pt1.1' class='hiddenRow'>
    <td class='none'><div class='testcase'>test_func_Wap端回归验证用例_android_case_002_登录_登录成功</div></td>
    <td colspan='5' align='center'>

    <!--css div popup start-->
    <a class="popup_link" onfocus='this.blur();' href="javascript:showTestDetail('div_pt1.1')" >
        pass</a>

    <div id='div_pt1.1' class="popup_window">
        <div style='text-align: right; color:red;cursor:pointer'>
        <a onfocus='this.blur();' onclick="document.getElementById('div_pt1.1').style.display = 'none' " >
           [x]</a>
        </div>
        <pre>
        
pt1.1: hwgobj.login(u'18942519969',u'111111')
[True]


        </pre>
    </div>
    <!--css div popup end-->

    </td>
</tr>

<tr id='ft1.2' class='none'>
    <td class='errorCase'><div class='testcase'>test_func_Wap端回归验证用例_android_case_005_商品详情_只能加到限购（库存）最大数：商品价格359，只能买5件</div></td>
    <td colspan='5' align='center'>

    <!--css div popup start-->
    <a class="popup_link" onfocus='this.blur();' href="javascript:showTestDetail('div_ft1.2')" >
        error</a>

    <div id='div_ft1.2' class="popup_window">
        <div style='text-align: right; color:red;cursor:pointer'>
        <a onfocus='this.blur();' onclick="document.getElementById('div_ft1.2').style.display = 'none' " >
           [x]</a>
        </div>
        <pre>
        
ft1.2: hwgobj.goods_max(u'国内物流费',u'5')
Traceback (most recent call last):
  File "D:\1-Workspace\autorunwapcase\case_hwg\case_wap.py", line 135, in func
    self.getTest(file_name, sheetname,caseid,content,condition,case_steps,expects)
  File "D:\1-Workspace\autorunwapcase\case_hwg\case_wap.py", line 130, in getTest
    self.case_expect(step_list,expects)
  File "D:\1-Workspace\autorunwapcase\case_hwg\case_wap.py", line 97, in case_expect
    step_result=self.case_step(case_cmd.strip())
  File "D:\1-Workspace\autorunwapcase\case_hwg\case_wap.py", line 92, in case_step
    return eval('hwgobj.%s'% case_cmd_str)
  File "&lt;string&gt;", line 1, in &lt;module&gt;
  File "D:\1-Workspace\autorunwapcase\android_hwg\shop.py", line 180, in goods_max
    return self.goods_max_min(name,num,'max',goodsbuy,goodsadd,mb)
  File "D:\1-Workspace\autorunwapcase\android_hwg\shop.py", line 162, in goods_max_min
    if not self.goods_page(name):
  File "D:\1-Workspace\autorunwapcase\android_hwg\shop.py", line 25, in goods_page
    self.browser.find_element_by_id('com.hnmall.haiwaigou:id/search_edittext').send_keys(name)
  File "C:\Software\Eclipse\Python27\lib\site-packages\selenium\webdriver\remote\webdriver.py", line 234, in find_element_by_id
    return self.find_element(by=By.ID, value=id_)
  File "C:\Software\Eclipse\Python27\lib\site-packages\selenium\webdriver\remote\webdriver.py", line 712, in find_element
    {'using': by, 'value': value})['value']
  File "C:\Software\Eclipse\Python27\lib\site-packages\selenium\webdriver\remote\webdriver.py", line 201, in execute
    self.error_handler.check_response(response)
  File "C:\Software\Eclipse\Python27\lib\site-packages\appium\webdriver\errorhandler.py", line 29, in check_response
    raise wde
NoSuchElementException: Message: An element could not be located on the page using the given search parameters.



        </pre>
    </div>
    <!--css div popup end-->

    </td>
</tr>

<tr id='ft1.3' class='none'>
    <td class='errorCase'><div class='testcase'>test_func_Wap端回归验证用例_android_case_006_商品详情_购买数无法小于起购数：商品起购数为2,不点击立即购买按钮</div></td>
    <td colspan='5' align='center'>

    <!--css div popup start-->
    <a class="popup_link" onfocus='this.blur();' href="javascript:showTestDetail('div_ft1.3')" >
        error</a>

    <div id='div_ft1.3' class="popup_window">
        <div style='text-align: right; color:red;cursor:pointer'>
        <a onfocus='this.blur();' onclick="document.getElementById('div_ft1.3').style.display = 'none' " >
           [x]</a>
        </div>
        <pre>
        
ft1.3: hwgobj.goods_min(u'起购2',u'2')
Traceback (most recent call last):
  File "D:\1-Workspace\autorunwapcase\case_hwg\case_wap.py", line 135, in func
    self.getTest(file_name, sheetname,caseid,content,condition,case_steps,expects)
  File "D:\1-Workspace\autorunwapcase\case_hwg\case_wap.py", line 130, in getTest
    self.case_expect(step_list,expects)
  File "D:\1-Workspace\autorunwapcase\case_hwg\case_wap.py", line 97, in case_expect
    step_result=self.case_step(case_cmd.strip())
  File "D:\1-Workspace\autorunwapcase\case_hwg\case_wap.py", line 92, in case_step
    return eval('hwgobj.%s'% case_cmd_str)
  File "&lt;string&gt;", line 1, in &lt;module&gt;
  File "D:\1-Workspace\autorunwapcase\android_hwg\shop.py", line 183, in goods_min
    return self.goods_max_min(name,num,'min',goodsbuy,goodsadd,mb)
  File "D:\1-Workspace\autorunwapcase\android_hwg\shop.py", line 162, in goods_max_min
    if not self.goods_page(name):
  File "D:\1-Workspace\autorunwapcase\android_hwg\shop.py", line 16, in goods_page
    try:self.browser.find_element_by_id('com.hnmall.haiwaigou:id/detail_cannel').click()
  File "C:\Software\Eclipse\Python27\lib\site-packages\selenium\webdriver\remote\webdriver.py", line 234, in find_element_by_id
    return self.find_element(by=By.ID, value=id_)
  File "C:\Software\Eclipse\Python27\lib\site-packages\selenium\webdriver\remote\webdriver.py", line 712, in find_element
    {'using': by, 'value': value})['value']
  File "C:\Software\Eclipse\Python27\lib\site-packages\selenium\webdriver\remote\webdriver.py", line 199, in execute
    response = self.command_executor.execute(driver_command, params)
  File "C:\Software\Eclipse\Python27\lib\site-packages\selenium\webdriver\remote\remote_connection.py", line 395, in execute
    return self._request(command_info[0], url, body=data)
  File "C:\Software\Eclipse\Python27\lib\site-packages\selenium\webdriver\remote\remote_connection.py", line 462, in _request
    resp = opener.open(request, timeout=self._timeout)
  File "C:\Software\Eclipse\Python27\lib\urllib2.py", line 431, in open
    response = self._open(req, data)
  File "C:\Software\Eclipse\Python27\lib\urllib2.py", line 449, in _open
    '_open', req)
  File "C:\Software\Eclipse\Python27\lib\urllib2.py", line 409, in _call_chain
    result = func(*args)
  File "C:\Software\Eclipse\Python27\lib\urllib2.py", line 1227, in http_open
    return self.do_open(httplib.HTTPConnection, req)
  File "C:\Software\Eclipse\Python27\lib\urllib2.py", line 1200, in do_open
    r = h.getresponse(buffering=True)
  File "C:\Software\Eclipse\Python27\lib\httplib.py", line 1132, in getresponse
    response.begin()
  File "C:\Software\Eclipse\Python27\lib\httplib.py", line 453, in begin
    version, status, reason = self._read_status()
  File "C:\Software\Eclipse\Python27\lib\httplib.py", line 409, in _read_status
    line = self.fp.readline(_MAXLINE + 1)
  File "C:\Software\Eclipse\Python27\lib\socket.py", line 480, in readline
    data = self._sock.recv(self._rbufsize)
error: [Errno 10054] 


        </pre>
    </div>
    <!--css div popup end-->

    </td>
</tr>

<tr id='ft1.4' class='none'>
    <td class='errorCase'><div class='testcase'>test_func_Wap端回归验证用例_android_case_007_商品详情_切换商品</div></td>
    <td colspan='5' align='center'>

    <!--css div popup start-->
    <a class="popup_link" onfocus='this.blur();' href="javascript:showTestDetail('div_ft1.4')" >
        error</a>

    <div id='div_ft1.4' class="popup_window">
        <div style='text-align: right; color:red;cursor:pointer'>
        <a onfocus='this.blur();' onclick="document.getElementById('div_ft1.4').style.display = 'none' " >
           [x]</a>
        </div>
        <pre>
        
ft1.4: hwgobj.goods_change(u'起购2',u'350ml',u'4')
Traceback (most recent call last):
  File "D:\1-Workspace\autorunwapcase\case_hwg\case_wap.py", line 135, in func
    self.getTest(file_name, sheetname,caseid,content,condition,case_steps,expects)
  File "D:\1-Workspace\autorunwapcase\case_hwg\case_wap.py", line 130, in getTest
    self.case_expect(step_list,expects)
  File "D:\1-Workspace\autorunwapcase\case_hwg\case_wap.py", line 97, in case_expect
    step_result=self.case_step(case_cmd.strip())
  File "D:\1-Workspace\autorunwapcase\case_hwg\case_wap.py", line 92, in case_step
    return eval('hwgobj.%s'% case_cmd_str)
  File "&lt;string&gt;", line 1, in &lt;module&gt;
  File "D:\1-Workspace\autorunwapcase\android_hwg\shop.py", line 143, in goods_change
    if not self.goods_page(name):
  File "D:\1-Workspace\autorunwapcase\android_hwg\shop.py", line 15, in goods_page
    self.browser.implicitly_wait(30)
  File "C:\Software\Eclipse\Python27\lib\site-packages\selenium\webdriver\remote\webdriver.py", line 654, in implicitly_wait
    self.execute(Command.IMPLICIT_WAIT, {'ms': float(time_to_wait) * 1000})
  File "C:\Software\Eclipse\Python27\lib\site-packages\selenium\webdriver\remote\webdriver.py", line 199, in execute
    response = self.command_executor.execute(driver_command, params)
  File "C:\Software\Eclipse\Python27\lib\site-packages\selenium\webdriver\remote\remote_connection.py", line 395, in execute
    return self._request(command_info[0], url, body=data)
  File "C:\Software\Eclipse\Python27\lib\site-packages\selenium\webdriver\remote\remote_connection.py", line 462, in _request
    resp = opener.open(request, timeout=self._timeout)
  File "C:\Software\Eclipse\Python27\lib\urllib2.py", line 431, in open
    response = self._open(req, data)
  File "C:\Software\Eclipse\Python27\lib\urllib2.py", line 449, in _open
    '_open', req)
  File "C:\Software\Eclipse\Python27\lib\urllib2.py", line 409, in _call_chain
    result = func(*args)
  File "C:\Software\Eclipse\Python27\lib\urllib2.py", line 1227, in http_open
    return self.do_open(httplib.HTTPConnection, req)
  File "C:\Software\Eclipse\Python27\lib\urllib2.py", line 1197, in do_open
    raise URLError(err)
URLError: &lt;urlopen error [Errno 10061] &gt;


        </pre>
    </div>
    <!--css div popup end-->

    </td>
</tr>

<tr id='ft1.5' class='none'>
    <td class='errorCase'><div class='testcase'>test_func_Wap端回归验证用例_android_case_008_商品详情_规格弹框中加入购物车</div></td>
    <td colspan='5' align='center'>

    <!--css div popup start-->
    <a class="popup_link" onfocus='this.blur();' href="javascript:showTestDetail('div_ft1.5')" >
        error</a>

    <div id='div_ft1.5' class="popup_window">
        <div style='text-align: right; color:red;cursor:pointer'>
        <a onfocus='this.blur();' onclick="document.getElementById('div_ft1.5').style.display = 'none' " >
           [x]</a>
        </div>
        <pre>
        
ft1.5: hwgobj.goods_buyadd(u'包税',u'False',u'True',u'True')
Traceback (most recent call last):
  File "D:\1-Workspace\autorunwapcase\case_hwg\case_wap.py", line 135, in func
    self.getTest(file_name, sheetname,caseid,content,condition,case_steps,expects)
  File "D:\1-Workspace\autorunwapcase\case_hwg\case_wap.py", line 130, in getTest
    self.case_expect(step_list,expects)
  File "D:\1-Workspace\autorunwapcase\case_hwg\case_wap.py", line 97, in case_expect
    step_result=self.case_step(case_cmd.strip())
  File "D:\1-Workspace\autorunwapcase\case_hwg\case_wap.py", line 92, in case_step
    return eval('hwgobj.%s'% case_cmd_str)
  File "&lt;string&gt;", line 1, in &lt;module&gt;
  File "D:\1-Workspace\autorunwapcase\android_hwg\shop.py", line 82, in goods_buyadd
    if not self.goods_page(name):
  File "D:\1-Workspace\autorunwapcase\android_hwg\shop.py", line 15, in goods_page
    self.browser.implicitly_wait(30)
  File "C:\Software\Eclipse\Python27\lib\site-packages\selenium\webdriver\remote\webdriver.py", line 654, in implicitly_wait
    self.execute(Command.IMPLICIT_WAIT, {'ms': float(time_to_wait) * 1000})
  File "C:\Software\Eclipse\Python27\lib\site-packages\selenium\webdriver\remote\webdriver.py", line 199, in execute
    response = self.command_executor.execute(driver_command, params)
  File "C:\Software\Eclipse\Python27\lib\site-packages\selenium\webdriver\remote\remote_connection.py", line 395, in execute
    return self._request(command_info[0], url, body=data)
  File "C:\Software\Eclipse\Python27\lib\site-packages\selenium\webdriver\remote\remote_connection.py", line 462, in _request
    resp = opener.open(request, timeout=self._timeout)
  File "C:\Software\Eclipse\Python27\lib\urllib2.py", line 431, in open
    response = self._open(req, data)
  File "C:\Software\Eclipse\Python27\lib\urllib2.py", line 449, in _open
    '_open', req)
  File "C:\Software\Eclipse\Python27\lib\urllib2.py", line 409, in _call_chain
    result = func(*args)
  File "C:\Software\Eclipse\Python27\lib\urllib2.py", line 1227, in http_open
    return self.do_open(httplib.HTTPConnection, req)
  File "C:\Software\Eclipse\Python27\lib\urllib2.py", line 1197, in do_open
    raise URLError(err)
URLError: &lt;urlopen error [Errno 10061] &gt;


        </pre>
    </div>
    <!--css div popup end-->

    </td>
</tr>

<tr id='ft1.6' class='none'>
    <td class='errorCase'><div class='testcase'>test_func_Wap端回归验证用例_android_case_009_商品详情_默认规格加入购物车</div></td>
    <td colspan='5' align='center'>

    <!--css div popup start-->
    <a class="popup_link" onfocus='this.blur();' href="javascript:showTestDetail('div_ft1.6')" >
        error</a>

    <div id='div_ft1.6' class="popup_window">
        <div style='text-align: right; color:red;cursor:pointer'>
        <a onfocus='this.blur();' onclick="document.getElementById('div_ft1.6').style.display = 'none' " >
           [x]</a>
        </div>
        <pre>
        
ft1.6: hwgobj.goods_buyadd(u'包税',u'False',u'True',u'False')
Traceback (most recent call last):
  File "D:\1-Workspace\autorunwapcase\case_hwg\case_wap.py", line 135, in func
    self.getTest(file_name, sheetname,caseid,content,condition,case_steps,expects)
  File "D:\1-Workspace\autorunwapcase\case_hwg\case_wap.py", line 130, in getTest
    self.case_expect(step_list,expects)
  File "D:\1-Workspace\autorunwapcase\case_hwg\case_wap.py", line 97, in case_expect
    step_result=self.case_step(case_cmd.strip())
  File "D:\1-Workspace\autorunwapcase\case_hwg\case_wap.py", line 92, in case_step
    return eval('hwgobj.%s'% case_cmd_str)
  File "&lt;string&gt;", line 1, in &lt;module&gt;
  File "D:\1-Workspace\autorunwapcase\android_hwg\shop.py", line 82, in goods_buyadd
    if not self.goods_page(name):
  File "D:\1-Workspace\autorunwapcase\android_hwg\shop.py", line 15, in goods_page
    self.browser.implicitly_wait(30)
  File "C:\Software\Eclipse\Python27\lib\site-packages\selenium\webdriver\remote\webdriver.py", line 654, in implicitly_wait
    self.execute(Command.IMPLICIT_WAIT, {'ms': float(time_to_wait) * 1000})
  File "C:\Software\Eclipse\Python27\lib\site-packages\selenium\webdriver\remote\webdriver.py", line 199, in execute
    response = self.command_executor.execute(driver_command, params)
  File "C:\Software\Eclipse\Python27\lib\site-packages\selenium\webdriver\remote\remote_connection.py", line 395, in execute
    return self._request(command_info[0], url, body=data)
  File "C:\Software\Eclipse\Python27\lib\site-packages\selenium\webdriver\remote\remote_connection.py", line 462, in _request
    resp = opener.open(request, timeout=self._timeout)
  File "C:\Software\Eclipse\Python27\lib\urllib2.py", line 431, in open
    response = self._open(req, data)
  File "C:\Software\Eclipse\Python27\lib\urllib2.py", line 449, in _open
    '_open', req)
  File "C:\Software\Eclipse\Python27\lib\urllib2.py", line 409, in _call_chain
    result = func(*args)
  File "C:\Software\Eclipse\Python27\lib\urllib2.py", line 1227, in http_open
    return self.do_open(httplib.HTTPConnection, req)
  File "C:\Software\Eclipse\Python27\lib\urllib2.py", line 1197, in do_open
    raise URLError(err)
URLError: &lt;urlopen error [Errno 10061] &gt;


        </pre>
    </div>
    <!--css div popup end-->

    </td>
</tr>

<tr id='ft1.7' class='none'>
    <td class='errorCase'><div class='testcase'>test_func_Wap端回归验证用例_android_case_010_商品详情_关闭规格弹框，点击加入购物车</div></td>
    <td colspan='5' align='center'>

    <!--css div popup start-->
    <a class="popup_link" onfocus='this.blur();' href="javascript:showTestDetail('div_ft1.7')" >
        error</a>

    <div id='div_ft1.7' class="popup_window">
        <div style='text-align: right; color:red;cursor:pointer'>
        <a onfocus='this.blur();' onclick="document.getElementById('div_ft1.7').style.display = 'none' " >
           [x]</a>
        </div>
        <pre>
        
ft1.7: hwgobj.goods_buyadd(u'包税',u'False',u'True',u'False')
Traceback (most recent call last):
  File "D:\1-Workspace\autorunwapcase\case_hwg\case_wap.py", line 135, in func
    self.getTest(file_name, sheetname,caseid,content,condition,case_steps,expects)
  File "D:\1-Workspace\autorunwapcase\case_hwg\case_wap.py", line 130, in getTest
    self.case_expect(step_list,expects)
  File "D:\1-Workspace\autorunwapcase\case_hwg\case_wap.py", line 97, in case_expect
    step_result=self.case_step(case_cmd.strip())
  File "D:\1-Workspace\autorunwapcase\case_hwg\case_wap.py", line 92, in case_step
    return eval('hwgobj.%s'% case_cmd_str)
  File "&lt;string&gt;", line 1, in &lt;module&gt;
  File "D:\1-Workspace\autorunwapcase\android_hwg\shop.py", line 82, in goods_buyadd
    if not self.goods_page(name):
  File "D:\1-Workspace\autorunwapcase\android_hwg\shop.py", line 15, in goods_page
    self.browser.implicitly_wait(30)
  File "C:\Software\Eclipse\Python27\lib\site-packages\selenium\webdriver\remote\webdriver.py", line 654, in implicitly_wait
    self.execute(Command.IMPLICIT_WAIT, {'ms': float(time_to_wait) * 1000})
  File "C:\Software\Eclipse\Python27\lib\site-packages\selenium\webdriver\remote\webdriver.py", line 199, in execute
    response = self.command_executor.execute(driver_command, params)
  File "C:\Software\Eclipse\Python27\lib\site-packages\selenium\webdriver\remote\remote_connection.py", line 395, in execute
    return self._request(command_info[0], url, body=data)
  File "C:\Software\Eclipse\Python27\lib\site-packages\selenium\webdriver\remote\remote_connection.py", line 462, in _request
    resp = opener.open(request, timeout=self._timeout)
  File "C:\Software\Eclipse\Python27\lib\urllib2.py", line 431, in open
    response = self._open(req, data)
  File "C:\Software\Eclipse\Python27\lib\urllib2.py", line 449, in _open
    '_open', req)
  File "C:\Software\Eclipse\Python27\lib\urllib2.py", line 409, in _call_chain
    result = func(*args)
  File "C:\Software\Eclipse\Python27\lib\urllib2.py", line 1227, in http_open
    return self.do_open(httplib.HTTPConnection, req)
  File "C:\Software\Eclipse\Python27\lib\urllib2.py", line 1197, in do_open
    raise URLError(err)
URLError: &lt;urlopen error [Errno 10061] &gt;


        </pre>
    </div>
    <!--css div popup end-->

    </td>
</tr>

<tr id='ft1.8' class='none'>
    <td class='errorCase'><div class='testcase'>test_func_Wap端回归验证用例_android_case_011_商品详情_规格弹框中立即购买</div></td>
    <td colspan='5' align='center'>

    <!--css div popup start-->
    <a class="popup_link" onfocus='this.blur();' href="javascript:showTestDetail('div_ft1.8')" >
        error</a>

    <div id='div_ft1.8' class="popup_window">
        <div style='text-align: right; color:red;cursor:pointer'>
        <a onfocus='this.blur();' onclick="document.getElementById('div_ft1.8').style.display = 'none' " >
           [x]</a>
        </div>
        <pre>
        
ft1.8: hwgobj.goods_buyadd(u'包税',u'True',u'False',u'True')
Traceback (most recent call last):
  File "D:\1-Workspace\autorunwapcase\case_hwg\case_wap.py", line 135, in func
    self.getTest(file_name, sheetname,caseid,content,condition,case_steps,expects)
  File "D:\1-Workspace\autorunwapcase\case_hwg\case_wap.py", line 130, in getTest
    self.case_expect(step_list,expects)
  File "D:\1-Workspace\autorunwapcase\case_hwg\case_wap.py", line 97, in case_expect
    step_result=self.case_step(case_cmd.strip())
  File "D:\1-Workspace\autorunwapcase\case_hwg\case_wap.py", line 92, in case_step
    return eval('hwgobj.%s'% case_cmd_str)
  File "&lt;string&gt;", line 1, in &lt;module&gt;
  File "D:\1-Workspace\autorunwapcase\android_hwg\shop.py", line 82, in goods_buyadd
    if not self.goods_page(name):
  File "D:\1-Workspace\autorunwapcase\android_hwg\shop.py", line 15, in goods_page
    self.browser.implicitly_wait(30)
  File "C:\Software\Eclipse\Python27\lib\site-packages\selenium\webdriver\remote\webdriver.py", line 654, in implicitly_wait
    self.execute(Command.IMPLICIT_WAIT, {'ms': float(time_to_wait) * 1000})
  File "C:\Software\Eclipse\Python27\lib\site-packages\selenium\webdriver\remote\webdriver.py", line 199, in execute
    response = self.command_executor.execute(driver_command, params)
  File "C:\Software\Eclipse\Python27\lib\site-packages\selenium\webdriver\remote\remote_connection.py", line 395, in execute
    return self._request(command_info[0], url, body=data)
  File "C:\Software\Eclipse\Python27\lib\site-packages\selenium\webdriver\remote\remote_connection.py", line 462, in _request
    resp = opener.open(request, timeout=self._timeout)
  File "C:\Software\Eclipse\Python27\lib\urllib2.py", line 431, in open
    response = self._open(req, data)
  File "C:\Software\Eclipse\Python27\lib\urllib2.py", line 449, in _open
    '_open', req)
  File "C:\Software\Eclipse\Python27\lib\urllib2.py", line 409, in _call_chain
    result = func(*args)
  File "C:\Software\Eclipse\Python27\lib\urllib2.py", line 1227, in http_open
    return self.do_open(httplib.HTTPConnection, req)
  File "C:\Software\Eclipse\Python27\lib\urllib2.py", line 1197, in do_open
    raise URLError(err)
URLError: &lt;urlopen error [Errno 10061] &gt;


        </pre>
    </div>
    <!--css div popup end-->

    </td>
</tr>

<tr id='ft1.9' class='none'>
    <td class='errorCase'><div class='testcase'>test_func_Wap端回归验证用例_android_case_012_商品详情_默认规格立即购买</div></td>
    <td colspan='5' align='center'>

    <!--css div popup start-->
    <a class="popup_link" onfocus='this.blur();' href="javascript:showTestDetail('div_ft1.9')" >
        error</a>

    <div id='div_ft1.9' class="popup_window">
        <div style='text-align: right; color:red;cursor:pointer'>
        <a onfocus='this.blur();' onclick="document.getElementById('div_ft1.9').style.display = 'none' " >
           [x]</a>
        </div>
        <pre>
        
ft1.9: hwgobj.goods_buyadd(u'包税',u'True',u'False',u'False')
Traceback (most recent call last):
  File "D:\1-Workspace\autorunwapcase\case_hwg\case_wap.py", line 135, in func
    self.getTest(file_name, sheetname,caseid,content,condition,case_steps,expects)
  File "D:\1-Workspace\autorunwapcase\case_hwg\case_wap.py", line 130, in getTest
    self.case_expect(step_list,expects)
  File "D:\1-Workspace\autorunwapcase\case_hwg\case_wap.py", line 97, in case_expect
    step_result=self.case_step(case_cmd.strip())
  File "D:\1-Workspace\autorunwapcase\case_hwg\case_wap.py", line 92, in case_step
    return eval('hwgobj.%s'% case_cmd_str)
  File "&lt;string&gt;", line 1, in &lt;module&gt;
  File "D:\1-Workspace\autorunwapcase\android_hwg\shop.py", line 82, in goods_buyadd
    if not self.goods_page(name):
  File "D:\1-Workspace\autorunwapcase\android_hwg\shop.py", line 15, in goods_page
    self.browser.implicitly_wait(30)
  File "C:\Software\Eclipse\Python27\lib\site-packages\selenium\webdriver\remote\webdriver.py", line 654, in implicitly_wait
    self.execute(Command.IMPLICIT_WAIT, {'ms': float(time_to_wait) * 1000})
  File "C:\Software\Eclipse\Python27\lib\site-packages\selenium\webdriver\remote\webdriver.py", line 199, in execute
    response = self.command_executor.execute(driver_command, params)
  File "C:\Software\Eclipse\Python27\lib\site-packages\selenium\webdriver\remote\remote_connection.py", line 395, in execute
    return self._request(command_info[0], url, body=data)
  File "C:\Software\Eclipse\Python27\lib\site-packages\selenium\webdriver\remote\remote_connection.py", line 462, in _request
    resp = opener.open(request, timeout=self._timeout)
  File "C:\Software\Eclipse\Python27\lib\urllib2.py", line 431, in open
    response = self._open(req, data)
  File "C:\Software\Eclipse\Python27\lib\urllib2.py", line 449, in _open
    '_open', req)
  File "C:\Software\Eclipse\Python27\lib\urllib2.py", line 409, in _call_chain
    result = func(*args)
  File "C:\Software\Eclipse\Python27\lib\urllib2.py", line 1227, in http_open
    return self.do_open(httplib.HTTPConnection, req)
  File "C:\Software\Eclipse\Python27\lib\urllib2.py", line 1197, in do_open
    raise URLError(err)
URLError: &lt;urlopen error [Errno 10061] &gt;


        </pre>
    </div>
    <!--css div popup end-->

    </td>
</tr>

<tr id='ft1.10' class='none'>
    <td class='errorCase'><div class='testcase'>test_func_Wap端回归验证用例_android_case_013_商品详情_关闭规格弹框，点击立即购买</div></td>
    <td colspan='5' align='center'>

    <!--css div popup start-->
    <a class="popup_link" onfocus='this.blur();' href="javascript:showTestDetail('div_ft1.10')" >
        error</a>

    <div id='div_ft1.10' class="popup_window">
        <div style='text-align: right; color:red;cursor:pointer'>
        <a onfocus='this.blur();' onclick="document.getElementById('div_ft1.10').style.display = 'none' " >
           [x]</a>
        </div>
        <pre>
        
ft1.10: hwgobj.goods_buyadd(u'包税',u'True',u'False',u'False')
Traceback (most recent call last):
  File "D:\1-Workspace\autorunwapcase\case_hwg\case_wap.py", line 135, in func
    self.getTest(file_name, sheetname,caseid,content,condition,case_steps,expects)
  File "D:\1-Workspace\autorunwapcase\case_hwg\case_wap.py", line 130, in getTest
    self.case_expect(step_list,expects)
  File "D:\1-Workspace\autorunwapcase\case_hwg\case_wap.py", line 97, in case_expect
    step_result=self.case_step(case_cmd.strip())
  File "D:\1-Workspace\autorunwapcase\case_hwg\case_wap.py", line 92, in case_step
    return eval('hwgobj.%s'% case_cmd_str)
  File "&lt;string&gt;", line 1, in &lt;module&gt;
  File "D:\1-Workspace\autorunwapcase\android_hwg\shop.py", line 82, in goods_buyadd
    if not self.goods_page(name):
  File "D:\1-Workspace\autorunwapcase\android_hwg\shop.py", line 15, in goods_page
    self.browser.implicitly_wait(30)
  File "C:\Software\Eclipse\Python27\lib\site-packages\selenium\webdriver\remote\webdriver.py", line 654, in implicitly_wait
    self.execute(Command.IMPLICIT_WAIT, {'ms': float(time_to_wait) * 1000})
  File "C:\Software\Eclipse\Python27\lib\site-packages\selenium\webdriver\remote\webdriver.py", line 199, in execute
    response = self.command_executor.execute(driver_command, params)
  File "C:\Software\Eclipse\Python27\lib\site-packages\selenium\webdriver\remote\remote_connection.py", line 395, in execute
    return self._request(command_info[0], url, body=data)
  File "C:\Software\Eclipse\Python27\lib\site-packages\selenium\webdriver\remote\remote_connection.py", line 462, in _request
    resp = opener.open(request, timeout=self._timeout)
  File "C:\Software\Eclipse\Python27\lib\urllib2.py", line 431, in open
    response = self._open(req, data)
  File "C:\Software\Eclipse\Python27\lib\urllib2.py", line 449, in _open
    '_open', req)
  File "C:\Software\Eclipse\Python27\lib\urllib2.py", line 409, in _call_chain
    result = func(*args)
  File "C:\Software\Eclipse\Python27\lib\urllib2.py", line 1227, in http_open
    return self.do_open(httplib.HTTPConnection, req)
  File "C:\Software\Eclipse\Python27\lib\urllib2.py", line 1197, in do_open
    raise URLError(err)
URLError: &lt;urlopen error [Errno 10061] &gt;


        </pre>
    </div>
    <!--css div popup end-->

    </td>
</tr>

<tr id='ft1.11' class='none'>
    <td class='errorCase'><div class='testcase'>test_func_Wap端回归验证用例_android_case_014_购物车_清空购物车列表</div></td>
    <td colspan='5' align='center'>

    <!--css div popup start-->
    <a class="popup_link" onfocus='this.blur();' href="javascript:showTestDetail('div_ft1.11')" >
        error</a>

    <div id='div_ft1.11' class="popup_window">
        <div style='text-align: right; color:red;cursor:pointer'>
        <a onfocus='this.blur();' onclick="document.getElementById('div_ft1.11').style.display = 'none' " >
           [x]</a>
        </div>
        <pre>
        
ft1.11: Traceback (most recent call last):
  File "D:\1-Workspace\autorunwapcase\case_hwg\case_wap.py", line 135, in func
    self.getTest(file_name, sheetname,caseid,content,condition,case_steps,expects)
  File "D:\1-Workspace\autorunwapcase\case_hwg\case_wap.py", line 130, in getTest
    self.case_expect(step_list,expects)
  File "D:\1-Workspace\autorunwapcase\case_hwg\case_wap.py", line 97, in case_expect
    step_result=self.case_step(case_cmd.strip())
  File "D:\1-Workspace\autorunwapcase\case_hwg\case_wap.py", line 86, in case_step
    hwgobj=cart.Cart(self.browser)
  File "D:\1-Workspace\autorunwapcase\android_hwg\cart.py", line 9, in __init__
    self.cart_page()
  File "D:\1-Workspace\autorunwapcase\android_hwg\cart.py", line 15, in cart_page
    self.browser.implicitly_wait(30)
  File "C:\Software\Eclipse\Python27\lib\site-packages\selenium\webdriver\remote\webdriver.py", line 654, in implicitly_wait
    self.execute(Command.IMPLICIT_WAIT, {'ms': float(time_to_wait) * 1000})
  File "C:\Software\Eclipse\Python27\lib\site-packages\selenium\webdriver\remote\webdriver.py", line 199, in execute
    response = self.command_executor.execute(driver_command, params)
  File "C:\Software\Eclipse\Python27\lib\site-packages\selenium\webdriver\remote\remote_connection.py", line 395, in execute
    return self._request(command_info[0], url, body=data)
  File "C:\Software\Eclipse\Python27\lib\site-packages\selenium\webdriver\remote\remote_connection.py", line 462, in _request
    resp = opener.open(request, timeout=self._timeout)
  File "C:\Software\Eclipse\Python27\lib\urllib2.py", line 431, in open
    response = self._open(req, data)
  File "C:\Software\Eclipse\Python27\lib\urllib2.py", line 449, in _open
    '_open', req)
  File "C:\Software\Eclipse\Python27\lib\urllib2.py", line 409, in _call_chain
    result = func(*args)
  File "C:\Software\Eclipse\Python27\lib\urllib2.py", line 1227, in http_open
    return self.do_open(httplib.HTTPConnection, req)
  File "C:\Software\Eclipse\Python27\lib\urllib2.py", line 1197, in do_open
    raise URLError(err)
URLError: &lt;urlopen error [Errno 10061] &gt;


        </pre>
    </div>
    <!--css div popup end-->

    </td>
</tr>

<tr id='ft1.12' class='none'>
    <td class='errorCase'><div class='testcase'>test_func_Wap端回归验证用例_android_case_015_购物车_购买数加到限购（库存）最大数，限购4件</div></td>
    <td colspan='5' align='center'>

    <!--css div popup start-->
    <a class="popup_link" onfocus='this.blur();' href="javascript:showTestDetail('div_ft1.12')" >
        error</a>

    <div id='div_ft1.12' class="popup_window">
        <div style='text-align: right; color:red;cursor:pointer'>
        <a onfocus='this.blur();' onclick="document.getElementById('div_ft1.12').style.display = 'none' " >
           [x]</a>
        </div>
        <pre>
        
ft1.12: Traceback (most recent call last):
  File "D:\1-Workspace\autorunwapcase\case_hwg\case_wap.py", line 135, in func
    self.getTest(file_name, sheetname,caseid,content,condition,case_steps,expects)
  File "D:\1-Workspace\autorunwapcase\case_hwg\case_wap.py", line 130, in getTest
    self.case_expect(step_list,expects)
  File "D:\1-Workspace\autorunwapcase\case_hwg\case_wap.py", line 97, in case_expect
    step_result=self.case_step(case_cmd.strip())
  File "D:\1-Workspace\autorunwapcase\case_hwg\case_wap.py", line 86, in case_step
    hwgobj=cart.Cart(self.browser)
  File "D:\1-Workspace\autorunwapcase\android_hwg\cart.py", line 9, in __init__
    self.cart_page()
  File "D:\1-Workspace\autorunwapcase\android_hwg\cart.py", line 15, in cart_page
    self.browser.implicitly_wait(30)
  File "C:\Software\Eclipse\Python27\lib\site-packages\selenium\webdriver\remote\webdriver.py", line 654, in implicitly_wait
    self.execute(Command.IMPLICIT_WAIT, {'ms': float(time_to_wait) * 1000})
  File "C:\Software\Eclipse\Python27\lib\site-packages\selenium\webdriver\remote\webdriver.py", line 199, in execute
    response = self.command_executor.execute(driver_command, params)
  File "C:\Software\Eclipse\Python27\lib\site-packages\selenium\webdriver\remote\remote_connection.py", line 395, in execute
    return self._request(command_info[0], url, body=data)
  File "C:\Software\Eclipse\Python27\lib\site-packages\selenium\webdriver\remote\remote_connection.py", line 462, in _request
    resp = opener.open(request, timeout=self._timeout)
  File "C:\Software\Eclipse\Python27\lib\urllib2.py", line 431, in open
    response = self._open(req, data)
  File "C:\Software\Eclipse\Python27\lib\urllib2.py", line 449, in _open
    '_open', req)
  File "C:\Software\Eclipse\Python27\lib\urllib2.py", line 409, in _call_chain
    result = func(*args)
  File "C:\Software\Eclipse\Python27\lib\urllib2.py", line 1227, in http_open
    return self.do_open(httplib.HTTPConnection, req)
  File "C:\Software\Eclipse\Python27\lib\urllib2.py", line 1197, in do_open
    raise URLError(err)
URLError: &lt;urlopen error [Errno 10061] &gt;


        </pre>
    </div>
    <!--css div popup end-->

    </td>
</tr>

<tr id='ft1.13' class='none'>
    <td class='errorCase'><div class='testcase'>test_func_Wap端回归验证用例_android_case_016_购物车_购买数小于起购数</div></td>
    <td colspan='5' align='center'>

    <!--css div popup start-->
    <a class="popup_link" onfocus='this.blur();' href="javascript:showTestDetail('div_ft1.13')" >
        error</a>

    <div id='div_ft1.13' class="popup_window">
        <div style='text-align: right; color:red;cursor:pointer'>
        <a onfocus='this.blur();' onclick="document.getElementById('div_ft1.13').style.display = 'none' " >
           [x]</a>
        </div>
        <pre>
        
ft1.13: Traceback (most recent call last):
  File "D:\1-Workspace\autorunwapcase\case_hwg\case_wap.py", line 135, in func
    self.getTest(file_name, sheetname,caseid,content,condition,case_steps,expects)
  File "D:\1-Workspace\autorunwapcase\case_hwg\case_wap.py", line 130, in getTest
    self.case_expect(step_list,expects)
  File "D:\1-Workspace\autorunwapcase\case_hwg\case_wap.py", line 97, in case_expect
    step_result=self.case_step(case_cmd.strip())
  File "D:\1-Workspace\autorunwapcase\case_hwg\case_wap.py", line 86, in case_step
    hwgobj=cart.Cart(self.browser)
  File "D:\1-Workspace\autorunwapcase\android_hwg\cart.py", line 9, in __init__
    self.cart_page()
  File "D:\1-Workspace\autorunwapcase\android_hwg\cart.py", line 15, in cart_page
    self.browser.implicitly_wait(30)
  File "C:\Software\Eclipse\Python27\lib\site-packages\selenium\webdriver\remote\webdriver.py", line 654, in implicitly_wait
    self.execute(Command.IMPLICIT_WAIT, {'ms': float(time_to_wait) * 1000})
  File "C:\Software\Eclipse\Python27\lib\site-packages\selenium\webdriver\remote\webdriver.py", line 199, in execute
    response = self.command_executor.execute(driver_command, params)
  File "C:\Software\Eclipse\Python27\lib\site-packages\selenium\webdriver\remote\remote_connection.py", line 395, in execute
    return self._request(command_info[0], url, body=data)
  File "C:\Software\Eclipse\Python27\lib\site-packages\selenium\webdriver\remote\remote_connection.py", line 462, in _request
    resp = opener.open(request, timeout=self._timeout)
  File "C:\Software\Eclipse\Python27\lib\urllib2.py", line 431, in open
    response = self._open(req, data)
  File "C:\Software\Eclipse\Python27\lib\urllib2.py", line 449, in _open
    '_open', req)
  File "C:\Software\Eclipse\Python27\lib\urllib2.py", line 409, in _call_chain
    result = func(*args)
  File "C:\Software\Eclipse\Python27\lib\urllib2.py", line 1227, in http_open
    return self.do_open(httplib.HTTPConnection, req)
  File "C:\Software\Eclipse\Python27\lib\urllib2.py", line 1197, in do_open
    raise URLError(err)
URLError: &lt;urlopen error [Errno 10061] &gt;


        </pre>
    </div>
    <!--css div popup end-->

    </td>
</tr>

<tr id='ft1.14' class='none'>
    <td class='errorCase'><div class='testcase'>test_func_Wap端回归验证用例_android_case_017_购物车_结算</div></td>
    <td colspan='5' align='center'>

    <!--css div popup start-->
    <a class="popup_link" onfocus='this.blur();' href="javascript:showTestDetail('div_ft1.14')" >
        error</a>

    <div id='div_ft1.14' class="popup_window">
        <div style='text-align: right; color:red;cursor:pointer'>
        <a onfocus='this.blur();' onclick="document.getElementById('div_ft1.14').style.display = 'none' " >
           [x]</a>
        </div>
        <pre>
        
ft1.14: Traceback (most recent call last):
  File "D:\1-Workspace\autorunwapcase\case_hwg\case_wap.py", line 135, in func
    self.getTest(file_name, sheetname,caseid,content,condition,case_steps,expects)
  File "D:\1-Workspace\autorunwapcase\case_hwg\case_wap.py", line 130, in getTest
    self.case_expect(step_list,expects)
  File "D:\1-Workspace\autorunwapcase\case_hwg\case_wap.py", line 97, in case_expect
    step_result=self.case_step(case_cmd.strip())
  File "D:\1-Workspace\autorunwapcase\case_hwg\case_wap.py", line 86, in case_step
    hwgobj=cart.Cart(self.browser)
  File "D:\1-Workspace\autorunwapcase\android_hwg\cart.py", line 9, in __init__
    self.cart_page()
  File "D:\1-Workspace\autorunwapcase\android_hwg\cart.py", line 15, in cart_page
    self.browser.implicitly_wait(30)
  File "C:\Software\Eclipse\Python27\lib\site-packages\selenium\webdriver\remote\webdriver.py", line 654, in implicitly_wait
    self.execute(Command.IMPLICIT_WAIT, {'ms': float(time_to_wait) * 1000})
  File "C:\Software\Eclipse\Python27\lib\site-packages\selenium\webdriver\remote\webdriver.py", line 199, in execute
    response = self.command_executor.execute(driver_command, params)
  File "C:\Software\Eclipse\Python27\lib\site-packages\selenium\webdriver\remote\remote_connection.py", line 395, in execute
    return self._request(command_info[0], url, body=data)
  File "C:\Software\Eclipse\Python27\lib\site-packages\selenium\webdriver\remote\remote_connection.py", line 462, in _request
    resp = opener.open(request, timeout=self._timeout)
  File "C:\Software\Eclipse\Python27\lib\urllib2.py", line 431, in open
    response = self._open(req, data)
  File "C:\Software\Eclipse\Python27\lib\urllib2.py", line 449, in _open
    '_open', req)
  File "C:\Software\Eclipse\Python27\lib\urllib2.py", line 409, in _call_chain
    result = func(*args)
  File "C:\Software\Eclipse\Python27\lib\urllib2.py", line 1227, in http_open
    return self.do_open(httplib.HTTPConnection, req)
  File "C:\Software\Eclipse\Python27\lib\urllib2.py", line 1197, in do_open
    raise URLError(err)
URLError: &lt;urlopen error [Errno 10061] &gt;


        </pre>
    </div>
    <!--css div popup end-->

    </td>
</tr>

<tr id='ft1.15' class='none'>
    <td class='errorCase'><div class='testcase'>test_func_Wap端回归验证用例_android_case_018_个人中心_删除地址</div></td>
    <td colspan='5' align='center'>

    <!--css div popup start-->
    <a class="popup_link" onfocus='this.blur();' href="javascript:showTestDetail('div_ft1.15')" >
        error</a>

    <div id='div_ft1.15' class="popup_window">
        <div style='text-align: right; color:red;cursor:pointer'>
        <a onfocus='this.blur();' onclick="document.getElementById('div_ft1.15').style.display = 'none' " >
           [x]</a>
        </div>
        <pre>
        
ft1.15: Traceback (most recent call last):
  File "D:\1-Workspace\autorunwapcase\case_hwg\case_wap.py", line 135, in func
    self.getTest(file_name, sheetname,caseid,content,condition,case_steps,expects)
  File "D:\1-Workspace\autorunwapcase\case_hwg\case_wap.py", line 130, in getTest
    self.case_expect(step_list,expects)
  File "D:\1-Workspace\autorunwapcase\case_hwg\case_wap.py", line 97, in case_expect
    step_result=self.case_step(case_cmd.strip())
  File "D:\1-Workspace\autorunwapcase\case_hwg\case_wap.py", line 82, in case_step
    hwgobj=membercenter.Membercenter(self.browser)
  File "D:\1-Workspace\autorunwapcase\android_hwg\membercenter.py", line 8, in __init__
    self.center_page()
  File "D:\1-Workspace\autorunwapcase\android_hwg\membercenter.py", line 14, in center_page
    self.browser.implicitly_wait(5)
  File "C:\Software\Eclipse\Python27\lib\site-packages\selenium\webdriver\remote\webdriver.py", line 654, in implicitly_wait
    self.execute(Command.IMPLICIT_WAIT, {'ms': float(time_to_wait) * 1000})
  File "C:\Software\Eclipse\Python27\lib\site-packages\selenium\webdriver\remote\webdriver.py", line 199, in execute
    response = self.command_executor.execute(driver_command, params)
  File "C:\Software\Eclipse\Python27\lib\site-packages\selenium\webdriver\remote\remote_connection.py", line 395, in execute
    return self._request(command_info[0], url, body=data)
  File "C:\Software\Eclipse\Python27\lib\site-packages\selenium\webdriver\remote\remote_connection.py", line 462, in _request
    resp = opener.open(request, timeout=self._timeout)
  File "C:\Software\Eclipse\Python27\lib\urllib2.py", line 431, in open
    response = self._open(req, data)
  File "C:\Software\Eclipse\Python27\lib\urllib2.py", line 449, in _open
    '_open', req)
  File "C:\Software\Eclipse\Python27\lib\urllib2.py", line 409, in _call_chain
    result = func(*args)
  File "C:\Software\Eclipse\Python27\lib\urllib2.py", line 1227, in http_open
    return self.do_open(httplib.HTTPConnection, req)
  File "C:\Software\Eclipse\Python27\lib\urllib2.py", line 1197, in do_open
    raise URLError(err)
URLError: &lt;urlopen error [Errno 10061] &gt;


        </pre>
    </div>
    <!--css div popup end-->

    </td>
</tr>

<tr id='ft1.16' class='none'>
    <td class='errorCase'><div class='testcase'>test_func_Wap端回归验证用例_android_case_019_提交订单_添加地址</div></td>
    <td colspan='5' align='center'>

    <!--css div popup start-->
    <a class="popup_link" onfocus='this.blur();' href="javascript:showTestDetail('div_ft1.16')" >
        error</a>

    <div id='div_ft1.16' class="popup_window">
        <div style='text-align: right; color:red;cursor:pointer'>
        <a onfocus='this.blur();' onclick="document.getElementById('div_ft1.16').style.display = 'none' " >
           [x]</a>
        </div>
        <pre>
        
ft1.16: hwgobj.order_one(u'国内物流费',u'1')
Traceback (most recent call last):
  File "D:\1-Workspace\autorunwapcase\case_hwg\case_wap.py", line 135, in func
    self.getTest(file_name, sheetname,caseid,content,condition,case_steps,expects)
  File "D:\1-Workspace\autorunwapcase\case_hwg\case_wap.py", line 130, in getTest
    self.case_expect(step_list,expects)
  File "D:\1-Workspace\autorunwapcase\case_hwg\case_wap.py", line 97, in case_expect
    step_result=self.case_step(case_cmd.strip())
  File "D:\1-Workspace\autorunwapcase\case_hwg\case_wap.py", line 92, in case_step
    return eval('hwgobj.%s'% case_cmd_str)
  File "&lt;string&gt;", line 1, in &lt;module&gt;
  File "D:\1-Workspace\autorunwapcase\android_hwg\order.py", line 17, in order_one
    return goods.goods_buyadd(name,goodsbuy=True,goodsadd=False,mb=False)
  File "D:\1-Workspace\autorunwapcase\android_hwg\shop.py", line 82, in goods_buyadd
    if not self.goods_page(name):
  File "D:\1-Workspace\autorunwapcase\android_hwg\shop.py", line 15, in goods_page
    self.browser.implicitly_wait(30)
  File "C:\Software\Eclipse\Python27\lib\site-packages\selenium\webdriver\remote\webdriver.py", line 654, in implicitly_wait
    self.execute(Command.IMPLICIT_WAIT, {'ms': float(time_to_wait) * 1000})
  File "C:\Software\Eclipse\Python27\lib\site-packages\selenium\webdriver\remote\webdriver.py", line 199, in execute
    response = self.command_executor.execute(driver_command, params)
  File "C:\Software\Eclipse\Python27\lib\site-packages\selenium\webdriver\remote\remote_connection.py", line 395, in execute
    return self._request(command_info[0], url, body=data)
  File "C:\Software\Eclipse\Python27\lib\site-packages\selenium\webdriver\remote\remote_connection.py", line 462, in _request
    resp = opener.open(request, timeout=self._timeout)
  File "C:\Software\Eclipse\Python27\lib\urllib2.py", line 431, in open
    response = self._open(req, data)
  File "C:\Software\Eclipse\Python27\lib\urllib2.py", line 449, in _open
    '_open', req)
  File "C:\Software\Eclipse\Python27\lib\urllib2.py", line 409, in _call_chain
    result = func(*args)
  File "C:\Software\Eclipse\Python27\lib\urllib2.py", line 1227, in http_open
    return self.do_open(httplib.HTTPConnection, req)
  File "C:\Software\Eclipse\Python27\lib\urllib2.py", line 1197, in do_open
    raise URLError(err)
URLError: &lt;urlopen error [Errno 10061] &gt;


        </pre>
    </div>
    <!--css div popup end-->

    </td>
</tr>

<tr id='ft1.17' class='none'>
    <td class='errorCase'><div class='testcase'>test_func_Wap端回归验证用例_android_case_020_提交订单_商品不满足使用优惠券：
1、未选中优惠券
2、优惠券列表中不显示优惠券</div></td>
    <td colspan='5' align='center'>

    <!--css div popup start-->
    <a class="popup_link" onfocus='this.blur();' href="javascript:showTestDetail('div_ft1.17')" >
        error</a>

    <div id='div_ft1.17' class="popup_window">
        <div style='text-align: right; color:red;cursor:pointer'>
        <a onfocus='this.blur();' onclick="document.getElementById('div_ft1.17').style.display = 'none' " >
           [x]</a>
        </div>
        <pre>
        
ft1.17: hwgobj.order_one(u'no优惠券',u'1')
Traceback (most recent call last):
  File "D:\1-Workspace\autorunwapcase\case_hwg\case_wap.py", line 135, in func
    self.getTest(file_name, sheetname,caseid,content,condition,case_steps,expects)
  File "D:\1-Workspace\autorunwapcase\case_hwg\case_wap.py", line 130, in getTest
    self.case_expect(step_list,expects)
  File "D:\1-Workspace\autorunwapcase\case_hwg\case_wap.py", line 97, in case_expect
    step_result=self.case_step(case_cmd.strip())
  File "D:\1-Workspace\autorunwapcase\case_hwg\case_wap.py", line 92, in case_step
    return eval('hwgobj.%s'% case_cmd_str)
  File "&lt;string&gt;", line 1, in &lt;module&gt;
  File "D:\1-Workspace\autorunwapcase\android_hwg\order.py", line 17, in order_one
    return goods.goods_buyadd(name,goodsbuy=True,goodsadd=False,mb=False)
  File "D:\1-Workspace\autorunwapcase\android_hwg\shop.py", line 82, in goods_buyadd
    if not self.goods_page(name):
  File "D:\1-Workspace\autorunwapcase\android_hwg\shop.py", line 15, in goods_page
    self.browser.implicitly_wait(30)
  File "C:\Software\Eclipse\Python27\lib\site-packages\selenium\webdriver\remote\webdriver.py", line 654, in implicitly_wait
    self.execute(Command.IMPLICIT_WAIT, {'ms': float(time_to_wait) * 1000})
  File "C:\Software\Eclipse\Python27\lib\site-packages\selenium\webdriver\remote\webdriver.py", line 199, in execute
    response = self.command_executor.execute(driver_command, params)
  File "C:\Software\Eclipse\Python27\lib\site-packages\selenium\webdriver\remote\remote_connection.py", line 395, in execute
    return self._request(command_info[0], url, body=data)
  File "C:\Software\Eclipse\Python27\lib\site-packages\selenium\webdriver\remote\remote_connection.py", line 462, in _request
    resp = opener.open(request, timeout=self._timeout)
  File "C:\Software\Eclipse\Python27\lib\urllib2.py", line 431, in open
    response = self._open(req, data)
  File "C:\Software\Eclipse\Python27\lib\urllib2.py", line 449, in _open
    '_open', req)
  File "C:\Software\Eclipse\Python27\lib\urllib2.py", line 409, in _call_chain
    result = func(*args)
  File "C:\Software\Eclipse\Python27\lib\urllib2.py", line 1227, in http_open
    return self.do_open(httplib.HTTPConnection, req)
  File "C:\Software\Eclipse\Python27\lib\urllib2.py", line 1197, in do_open
    raise URLError(err)
URLError: &lt;urlopen error [Errno 10061] &gt;


        </pre>
    </div>
    <!--css div popup end-->

    </td>
</tr>

<tr id='ft1.18' class='none'>
    <td class='errorCase'><div class='testcase'>test_func_Wap端回归验证用例_android_case_021_提交订单_商品满足使用优惠券：
1、默认选择最大金额优惠券</div></td>
    <td colspan='5' align='center'>

    <!--css div popup start-->
    <a class="popup_link" onfocus='this.blur();' href="javascript:showTestDetail('div_ft1.18')" >
        error</a>

    <div id='div_ft1.18' class="popup_window">
        <div style='text-align: right; color:red;cursor:pointer'>
        <a onfocus='this.blur();' onclick="document.getElementById('div_ft1.18').style.display = 'none' " >
           [x]</a>
        </div>
        <pre>
        
ft1.18: hwgobj.order_one(u'国内物流费',u'1')
Traceback (most recent call last):
  File "D:\1-Workspace\autorunwapcase\case_hwg\case_wap.py", line 135, in func
    self.getTest(file_name, sheetname,caseid,content,condition,case_steps,expects)
  File "D:\1-Workspace\autorunwapcase\case_hwg\case_wap.py", line 130, in getTest
    self.case_expect(step_list,expects)
  File "D:\1-Workspace\autorunwapcase\case_hwg\case_wap.py", line 97, in case_expect
    step_result=self.case_step(case_cmd.strip())
  File "D:\1-Workspace\autorunwapcase\case_hwg\case_wap.py", line 92, in case_step
    return eval('hwgobj.%s'% case_cmd_str)
  File "&lt;string&gt;", line 1, in &lt;module&gt;
  File "D:\1-Workspace\autorunwapcase\android_hwg\order.py", line 17, in order_one
    return goods.goods_buyadd(name,goodsbuy=True,goodsadd=False,mb=False)
  File "D:\1-Workspace\autorunwapcase\android_hwg\shop.py", line 82, in goods_buyadd
    if not self.goods_page(name):
  File "D:\1-Workspace\autorunwapcase\android_hwg\shop.py", line 15, in goods_page
    self.browser.implicitly_wait(30)
  File "C:\Software\Eclipse\Python27\lib\site-packages\selenium\webdriver\remote\webdriver.py", line 654, in implicitly_wait
    self.execute(Command.IMPLICIT_WAIT, {'ms': float(time_to_wait) * 1000})
  File "C:\Software\Eclipse\Python27\lib\site-packages\selenium\webdriver\remote\webdriver.py", line 199, in execute
    response = self.command_executor.execute(driver_command, params)
  File "C:\Software\Eclipse\Python27\lib\site-packages\selenium\webdriver\remote\remote_connection.py", line 395, in execute
    return self._request(command_info[0], url, body=data)
  File "C:\Software\Eclipse\Python27\lib\site-packages\selenium\webdriver\remote\remote_connection.py", line 462, in _request
    resp = opener.open(request, timeout=self._timeout)
  File "C:\Software\Eclipse\Python27\lib\urllib2.py", line 431, in open
    response = self._open(req, data)
  File "C:\Software\Eclipse\Python27\lib\urllib2.py", line 449, in _open
    '_open', req)
  File "C:\Software\Eclipse\Python27\lib\urllib2.py", line 409, in _call_chain
    result = func(*args)
  File "C:\Software\Eclipse\Python27\lib\urllib2.py", line 1227, in http_open
    return self.do_open(httplib.HTTPConnection, req)
  File "C:\Software\Eclipse\Python27\lib\urllib2.py", line 1197, in do_open
    raise URLError(err)
URLError: &lt;urlopen error [Errno 10061] &gt;


        </pre>
    </div>
    <!--css div popup end-->

    </td>
</tr>

<tr id='ft1.19' class='none'>
    <td class='errorCase'><div class='testcase'>test_func_Wap端回归验证用例_android_case_022_提交订单_商品满足使用优惠券：
人工选择优惠券
点击提交订单，进入选择支付方式界面</div></td>
    <td colspan='5' align='center'>

    <!--css div popup start-->
    <a class="popup_link" onfocus='this.blur();' href="javascript:showTestDetail('div_ft1.19')" >
        error</a>

    <div id='div_ft1.19' class="popup_window">
        <div style='text-align: right; color:red;cursor:pointer'>
        <a onfocus='this.blur();' onclick="document.getElementById('div_ft1.19').style.display = 'none' " >
           [x]</a>
        </div>
        <pre>
        
ft1.19: hwgobj.order_one(u'国内物流费',u'1')
Traceback (most recent call last):
  File "D:\1-Workspace\autorunwapcase\case_hwg\case_wap.py", line 135, in func
    self.getTest(file_name, sheetname,caseid,content,condition,case_steps,expects)
  File "D:\1-Workspace\autorunwapcase\case_hwg\case_wap.py", line 130, in getTest
    self.case_expect(step_list,expects)
  File "D:\1-Workspace\autorunwapcase\case_hwg\case_wap.py", line 97, in case_expect
    step_result=self.case_step(case_cmd.strip())
  File "D:\1-Workspace\autorunwapcase\case_hwg\case_wap.py", line 92, in case_step
    return eval('hwgobj.%s'% case_cmd_str)
  File "&lt;string&gt;", line 1, in &lt;module&gt;
  File "D:\1-Workspace\autorunwapcase\android_hwg\order.py", line 17, in order_one
    return goods.goods_buyadd(name,goodsbuy=True,goodsadd=False,mb=False)
  File "D:\1-Workspace\autorunwapcase\android_hwg\shop.py", line 82, in goods_buyadd
    if not self.goods_page(name):
  File "D:\1-Workspace\autorunwapcase\android_hwg\shop.py", line 15, in goods_page
    self.browser.implicitly_wait(30)
  File "C:\Software\Eclipse\Python27\lib\site-packages\selenium\webdriver\remote\webdriver.py", line 654, in implicitly_wait
    self.execute(Command.IMPLICIT_WAIT, {'ms': float(time_to_wait) * 1000})
  File "C:\Software\Eclipse\Python27\lib\site-packages\selenium\webdriver\remote\webdriver.py", line 199, in execute
    response = self.command_executor.execute(driver_command, params)
  File "C:\Software\Eclipse\Python27\lib\site-packages\selenium\webdriver\remote\remote_connection.py", line 395, in execute
    return self._request(command_info[0], url, body=data)
  File "C:\Software\Eclipse\Python27\lib\site-packages\selenium\webdriver\remote\remote_connection.py", line 462, in _request
    resp = opener.open(request, timeout=self._timeout)
  File "C:\Software\Eclipse\Python27\lib\urllib2.py", line 431, in open
    response = self._open(req, data)
  File "C:\Software\Eclipse\Python27\lib\urllib2.py", line 449, in _open
    '_open', req)
  File "C:\Software\Eclipse\Python27\lib\urllib2.py", line 409, in _call_chain
    result = func(*args)
  File "C:\Software\Eclipse\Python27\lib\urllib2.py", line 1227, in http_open
    return self.do_open(httplib.HTTPConnection, req)
  File "C:\Software\Eclipse\Python27\lib\urllib2.py", line 1197, in do_open
    raise URLError(err)
URLError: &lt;urlopen error [Errno 10061] &gt;


        </pre>
    </div>
    <!--css div popup end-->

    </td>
</tr>

<tr id='ft1.20' class='none'>
    <td class='errorCase'><div class='testcase'>test_func_Wap端回归验证用例_android_case_023_个人中心_订单列表：
1、该订单状态为待支付
2、显示去支付按钮
3、显示失效时间
4、点击去支付按钮</div></td>
    <td colspan='5' align='center'>

    <!--css div popup start-->
    <a class="popup_link" onfocus='this.blur();' href="javascript:showTestDetail('div_ft1.20')" >
        error</a>

    <div id='div_ft1.20' class="popup_window">
        <div style='text-align: right; color:red;cursor:pointer'>
        <a onfocus='this.blur();' onclick="document.getElementById('div_ft1.20').style.display = 'none' " >
           [x]</a>
        </div>
        <pre>
        
ft1.20: Traceback (most recent call last):
  File "D:\1-Workspace\autorunwapcase\case_hwg\case_wap.py", line 135, in func
    self.getTest(file_name, sheetname,caseid,content,condition,case_steps,expects)
  File "D:\1-Workspace\autorunwapcase\case_hwg\case_wap.py", line 130, in getTest
    self.case_expect(step_list,expects)
  File "D:\1-Workspace\autorunwapcase\case_hwg\case_wap.py", line 97, in case_expect
    step_result=self.case_step(case_cmd.strip())
  File "D:\1-Workspace\autorunwapcase\case_hwg\case_wap.py", line 82, in case_step
    hwgobj=membercenter.Membercenter(self.browser)
  File "D:\1-Workspace\autorunwapcase\android_hwg\membercenter.py", line 8, in __init__
    self.center_page()
  File "D:\1-Workspace\autorunwapcase\android_hwg\membercenter.py", line 14, in center_page
    self.browser.implicitly_wait(5)
  File "C:\Software\Eclipse\Python27\lib\site-packages\selenium\webdriver\remote\webdriver.py", line 654, in implicitly_wait
    self.execute(Command.IMPLICIT_WAIT, {'ms': float(time_to_wait) * 1000})
  File "C:\Software\Eclipse\Python27\lib\site-packages\selenium\webdriver\remote\webdriver.py", line 199, in execute
    response = self.command_executor.execute(driver_command, params)
  File "C:\Software\Eclipse\Python27\lib\site-packages\selenium\webdriver\remote\remote_connection.py", line 395, in execute
    return self._request(command_info[0], url, body=data)
  File "C:\Software\Eclipse\Python27\lib\site-packages\selenium\webdriver\remote\remote_connection.py", line 462, in _request
    resp = opener.open(request, timeout=self._timeout)
  File "C:\Software\Eclipse\Python27\lib\urllib2.py", line 431, in open
    response = self._open(req, data)
  File "C:\Software\Eclipse\Python27\lib\urllib2.py", line 449, in _open
    '_open', req)
  File "C:\Software\Eclipse\Python27\lib\urllib2.py", line 409, in _call_chain
    result = func(*args)
  File "C:\Software\Eclipse\Python27\lib\urllib2.py", line 1227, in http_open
    return self.do_open(httplib.HTTPConnection, req)
  File "C:\Software\Eclipse\Python27\lib\urllib2.py", line 1197, in do_open
    raise URLError(err)
URLError: &lt;urlopen error [Errno 10061] &gt;


        </pre>
    </div>
    <!--css div popup end-->

    </td>
</tr>

<tr class='errorClass'>
    <td>unittest.suite._ErrorHolder</td>
    <td>1</td>
    <td>0</td>
    <td>0</td>
    <td>1</td>
    <td><a href="javascript:showClassDetail('c2',1)">Detail</a></td>
</tr>

<tr id='ft2.1' class='none'>
    <td class='errorCase'><div class='testcase'>WapTestCase)</div></td>
    <td colspan='5' align='center'>

    <!--css div popup start-->
    <a class="popup_link" onfocus='this.blur();' href="javascript:showTestDetail('div_ft2.1')" >
        error</a>

    <div id='div_ft2.1' class="popup_window">
        <div style='text-align: right; color:red;cursor:pointer'>
        <a onfocus='this.blur();' onclick="document.getElementById('div_ft2.1').style.display = 'none' " >
           [x]</a>
        </div>
        <pre>
        
ft2.1: Traceback (most recent call last):
  File "D:\1-Workspace\autorunwapcase\case_hwg\case_wap.py", line 56, in tearDownClass
    cls.browser.quit()
  File "C:\Software\Eclipse\Python27\lib\site-packages\selenium\webdriver\remote\webdriver.py", line 483, in quit
    self.execute(Command.QUIT)
  File "C:\Software\Eclipse\Python27\lib\site-packages\selenium\webdriver\remote\webdriver.py", line 199, in execute
    response = self.command_executor.execute(driver_command, params)
  File "C:\Software\Eclipse\Python27\lib\site-packages\selenium\webdriver\remote\remote_connection.py", line 395, in execute
    return self._request(command_info[0], url, body=data)
  File "C:\Software\Eclipse\Python27\lib\site-packages\selenium\webdriver\remote\remote_connection.py", line 462, in _request
    resp = opener.open(request, timeout=self._timeout)
  File "C:\Software\Eclipse\Python27\lib\urllib2.py", line 431, in open
    response = self._open(req, data)
  File "C:\Software\Eclipse\Python27\lib\urllib2.py", line 449, in _open
    '_open', req)
  File "C:\Software\Eclipse\Python27\lib\urllib2.py", line 409, in _call_chain
    result = func(*args)
  File "C:\Software\Eclipse\Python27\lib\urllib2.py", line 1227, in http_open
    return self.do_open(httplib.HTTPConnection, req)
  File "C:\Software\Eclipse\Python27\lib\urllib2.py", line 1197, in do_open
    raise URLError(err)
URLError: &lt;urlopen error [Errno 10061] &gt;


        </pre>
    </div>
    <!--css div popup end-->

    </td>
</tr>

<tr id='total_row'>
    <td>Total</td>
    <td>21</td>
    <td>1</td>
    <td>0</td>
    <td>20</td>
    <td>&nbsp;</td>
</tr>
</table>

<div id='ending'>&nbsp;</div>

</body>
</html>
